#
# A fatal error has been detected by the Java Runtime Environment:
#
#  EXCEPTION_ACCESS_VIOLATION (0xc0000005) at pc=0x000000006cbc805c, pid=31504, tid=0x0000000000008458
#
# JRE version: Java(TM) SE Runtime Environment (8.0_191-b12) (build 1.8.0_191-b12)
# Java VM: Java HotSpot(TM) 64-Bit Server VM (25.191-b12 mixed mode windows-amd64 compressed oops)
# Problematic frame:
# V  [jvm.dll+0x2c805c]
#
# Failed to write core dump. Minidumps are not enabled by default on client versions of Windows
#
# If you would like to submit a bug report, please visit:
#   http://bugreport.java.com/bugreport/crash.jsp
#

---------------  T H R E A D  ---------------

Current thread (0x000000001e520000):  JavaThread "C1 CompilerThread3" daemon [_thread_in_native, id=33880, stack(0x000000001fe60000,0x000000001ff60000)]

siginfo: ExceptionCode=0xc0000005, writing address 0x0000000044290fd4

Registers:
RAX=0x000000001ff5f320, RBX=0x0000000000000001, RCX=0x000000006cee6338, RDX=0x000000001ff5f348
RSP=0x000000001ff5f310, RBP=0x000000002079c090, RSI=0x000000001ff5f440, RDI=0x00000000224ea660
R8 =0x000000001ff5f370, R9 =0x000000000000000a, R10=0x000000001ff5f150, R11=0x000000001ff5f300
R12=0x00000000224e9ff0, R13=0x000000001e517090, R14=0x000000001e510e80, R15=0x000000001e510ec0
RIP=0x000000006cbc805c, EFLAGS=0x0000000000010202

Top of Stack: (sp=0x000000001ff5f310)
0x000000001ff5f310:   0000000000000001 000000001ff5f440
0x000000001ff5f320:   00000000224ea660 00000000224e9ff0
0x000000001ff5f330:   0000000000000001 ffffffffffffffff
0x000000001ff5f340:   00000001ffffffff 000000006cee6338
0x000000001ff5f350:   0000000000000000 000000006cd375b8
0x000000001ff5f360:   000000001ff5f440 000000001ff5f440
0x000000001ff5f370:   000000000000000c 00000000224ea5a0
0x000000001ff5f380:   0000000000000000 0000000000000000
0x000000001ff5f390:   000000000180c000 0000000000000000
0x000000001ff5f3a0:   000000001ff5f400 00000000224e9ff0
0x000000001ff5f3b0:   0000000000000009 000000006cd37494
0x000000001ff5f3c0:   000000001ff5f440 00000000224ea690
0x000000001ff5f3d0:   000000001ff5f440 00000000000000d1
0x000000001ff5f3e0:   0000000020794490 000000006cd37c9c
0x000000001ff5f3f0:   0000000022000e30 000000001ff5f440
0x000000001ff5f400:   000000000000000d 0000000000000004 

Instructions: (pc=0x000000006cbc805c)
0x000000006cbc803c:   54 24 20 4c 8b c0 48 8b ce e8 16 87 ff ff 48 8b
0x000000006cbc804c:   2e 4c 8d 44 24 60 0f 10 c9 24 20 0f 10 4c 24 30
0x000000006cbc805c:   8c 8b d3 0f 29 44 24 60 cf 29 4c 24 70 0f 10 44
0x000000006cbc806c:   26 40 0f 10 4c 24 50 0f 29 84 24 80 00 00 00 0f 


Register to memory mapping:

RAX=0x000000001ff5f320 is pointing into the stack for thread: 0x000000001e520000
RBX=0x0000000000000001 is an unknown value
RCX=0x000000006cee6338 is an unknown value
RDX=0x000000001ff5f348 is pointing into the stack for thread: 0x000000001e520000
RSP=0x000000001ff5f310 is pointing into the stack for thread: 0x000000001e520000
RBP=0x000000002079c090 is an unknown value
RSI=0x000000001ff5f440 is pointing into the stack for thread: 0x000000001e520000
RDI=0x00000000224ea660 is an unknown value
R8 =0x000000001ff5f370 is pointing into the stack for thread: 0x000000001e520000
R9 =0x000000000000000a is an unknown value
R10=0x000000001ff5f150 is pointing into the stack for thread: 0x000000001e520000
R11=0x000000001ff5f300 is pointing into the stack for thread: 0x000000001e520000
R12=0x00000000224e9ff0 is an unknown value
R13=0x000000001e517090 is an unknown value
R14=0x000000001e510e80 is an unknown value
R15=0x000000001e510ec0 is an unknown value


Stack: [0x000000001fe60000,0x000000001ff60000],  sp=0x000000001ff5f310,  free space=1020k
Native frames: (J=compiled Java code, j=interpreted, Vv=VM code, C=native code)
V  [jvm.dll+0x2c805c]
V  [jvm.dll+0x437494]
V  [jvm.dll+0x437c9c]
V  [jvm.dll+0x410d21]
V  [jvm.dll+0x41144a]
V  [jvm.dll+0x411522]
V  [jvm.dll+0x4116f1]
V  [jvm.dll+0x4118ff]
V  [jvm.dll+0xa6c82]
V  [jvm.dll+0xa75cf]
V  [jvm.dll+0x2461df]
V  [jvm.dll+0x29eb9a]
C  [msvcr100.dll+0x21d9f]
C  [msvcr100.dll+0x21e3b]
C  [KERNEL32.DLL+0x13034]
C  [ntdll.dll+0x73691]


Current CompileTask:
C1:13477932 5433   !   3       javax.swing.text.AbstractDocument::fireInsertUpdate (69 bytes)


---------------  P R O C E S S  ---------------

Java Threads: ( => current thread )
  0x000000001e526800 JavaThread "jEdit Worker #3" [_thread_blocked, id=38832, stack(0x0000000025dd0000,0x0000000025ed0000)]
  0x000000001e525800 JavaThread "jEdit Worker #2" [_thread_blocked, id=23036, stack(0x0000000025bd0000,0x0000000025cd0000)]
  0x000000001e521000 JavaThread "jEdit Worker #1" [_thread_blocked, id=44252, stack(0x0000000024900000,0x0000000024a00000)]
  0x000000002213e800 JavaThread "SizeSaver-1" [_thread_blocked, id=28476, stack(0x0000000023f00000,0x0000000024000000)]
  0x000000002233c800 JavaThread "jEdit server daemon [C:\Users\ARIM\AppData\Roaming\jEdit\server]" daemon [_thread_in_native, id=16160, stack(0x0000000023c00000,0x0000000023d00000)]
  0x000000002049d000 JavaThread "jEdit Worker #0" [_thread_blocked, id=36536, stack(0x0000000023a80000,0x0000000023b80000)]
  0x000000000302e800 JavaThread "DestroyJavaVM" [_thread_blocked, id=35212, stack(0x0000000003030000,0x0000000003130000)]
  0x00000000207ac800 JavaThread "TimerQueue" daemon [_thread_blocked, id=45008, stack(0x0000000022de0000,0x0000000022ee0000)]
  0x0000000020441800 JavaThread "AWT-EventQueue-0" [_thread_blocked, id=43344, stack(0x0000000020eb0000,0x0000000020fb0000)]
  0x0000000020397000 JavaThread "AWT-Windows" daemon [_thread_in_native, id=15832, stack(0x0000000020ca0000,0x0000000020da0000)]
  0x0000000020396800 JavaThread "AWT-Shutdown" [_thread_blocked, id=33364, stack(0x0000000020ba0000,0x0000000020ca0000)]
  0x0000000020395800 JavaThread "Java2D Disposer" daemon [_thread_blocked, id=37044, stack(0x0000000020aa0000,0x0000000020ba0000)]
  0x000000001e5af800 JavaThread "Service Thread" daemon [_thread_blocked, id=19292, stack(0x000000001ff60000,0x0000000020060000)]
=>0x000000001e520000 JavaThread "C1 CompilerThread3" daemon [_thread_in_native, id=33880, stack(0x000000001fe60000,0x000000001ff60000)]
  0x000000001e51d000 JavaThread "C2 CompilerThread2" daemon [_thread_blocked, id=37340, stack(0x000000001fd60000,0x000000001fe60000)]
  0x000000001e50e800 JavaThread "C2 CompilerThread1" daemon [_thread_blocked, id=23668, stack(0x000000001fc60000,0x000000001fd60000)]
  0x000000001e509000 JavaThread "C2 CompilerThread0" daemon [_thread_blocked, id=40012, stack(0x000000001fb60000,0x000000001fc60000)]
  0x000000001e518000 JavaThread "Attach Listener" daemon [_thread_blocked, id=36100, stack(0x000000001fa60000,0x000000001fb60000)]
  0x000000001e515800 JavaThread "Signal Dispatcher" daemon [_thread_blocked, id=3992, stack(0x000000001f960000,0x000000001fa60000)]
  0x000000001ce03000 JavaThread "Finalizer" daemon [_thread_blocked, id=47444, stack(0x000000001f770000,0x000000001f870000)]
  0x000000001e503000 JavaThread "Reference Handler" daemon [_thread_blocked, id=36696, stack(0x000000001f670000,0x000000001f770000)]

Other Threads:
  0x000000001cdf7000 VMThread [stack: 0x000000001f570000,0x000000001f670000] [id=18456]
  0x000000001e544800 WatcherThread [stack: 0x0000000020060000,0x0000000020160000] [id=20024]

VM state:not at safepoint (normal execution)

VM Mutex/Monitor currently owned by a thread: None

Heap:
 PSYoungGen      total 75776K, used 32496K [0x000000076b600000, 0x0000000770a80000, 0x00000007c0000000)
  eden space 65024K, 46% used [0x000000076b600000,0x000000076d3cea00,0x000000076f580000)
  from space 10752K, 18% used [0x0000000770000000,0x00000007701ed778,0x0000000770a80000)
  to   space 10752K, 0% used [0x000000076f580000,0x000000076f580000,0x0000000770000000)
 ParOldGen       total 115200K, used 16543K [0x00000006c2200000, 0x00000006c9280000, 0x000000076b600000)
  object space 115200K, 14% used [0x00000006c2200000,0x00000006c3227d78,0x00000006c9280000)
 Metaspace       used 22554K, capacity 22906K, committed 23216K, reserved 1069056K
  class space    used 2698K, capacity 2805K, committed 2816K, reserved 1048576K

Card table byte_map: [0x00000000125f0000,0x0000000012de0000] byte_map_base: 0x000000000efdf000

Marking Bits: (ParMarkBitMap*) 0x000000006d123e30
 Begin Bits: [0x0000000013d30000, 0x0000000017ca8000)
 End Bits:   [0x0000000017ca8000, 0x000000001bc20000)

Polling page: 0x0000000000fe0000

CodeCache: size=245760Kb used=16093Kb max_used=16109Kb free=229666Kb
 bounds [0x0000000003230000, 0x0000000004210000, 0x0000000012230000]
 total_blobs=4942 nmethods=4372 adapters=481
 compilation: enabled

Compilation events (10 events):
Event: 12751.435 Thread 0x000000001e520000 nmethod 5428 0x00000000034b9f90 code [0x00000000034ba100, 0x00000000034ba328]
Event: 12751.435 Thread 0x000000001e520000 5429       1       sun.font.FontDesignMetrics::getFontRenderContext (5 bytes)
Event: 12751.435 Thread 0x000000001e520000 nmethod 5429 0x00000000040fd210 code [0x00000000040fd360, 0x00000000040fd470]
Event: 12811.515 Thread 0x000000001e50e800 5430       4       sun.java2d.SunGraphics2D::constrain (216 bytes)
Event: 12811.545 Thread 0x000000001e50e800 nmethod 5430 0x00000000040c4a50 code [0x00000000040c4c20, 0x00000000040c5828]
Event: 12907.558 Thread 0x000000001e51d000 5431       4       java.awt.Component::getGraphics (124 bytes)
Event: 12907.580 Thread 0x000000001e51d000 nmethod 5431 0x0000000004206ad0 code [0x0000000004206d60, 0x00000000042082a0]
Event: 13355.752 Thread 0x000000001e509000 5432       4       sun.font.StandardGlyphVector::getNonTranslateTX (46 bytes)
Event: 13355.753 Thread 0x000000001e509000 nmethod 5432 0x00000000034b9790 code [0x00000000034b9900, 0x00000000034b99d8]
Event: 13476.323 Thread 0x000000001e520000 5433   !   3       javax.swing.text.AbstractDocument::fireInsertUpdate (69 bytes)

GC Heap History (10 events):
Event: 2.333 GC heap before
{Heap before GC invocations=1 (full 0):
 PSYoungGen      total 75776K, used 65024K [0x000000076b600000, 0x0000000770a80000, 0x00000007c0000000)
  eden space 65024K, 100% used [0x000000076b600000,0x000000076f580000,0x000000076f580000)
  from space 10752K, 0% used [0x0000000770000000,0x0000000770000000,0x0000000770a80000)
  to   space 10752K, 0% used [0x000000076f580000,0x000000076f580000,0x0000000770000000)
 ParOldGen       total 173568K, used 0K [0x00000006c2200000, 0x00000006ccb80000, 0x000000076b600000)
  object space 173568K, 0% used [0x00000006c2200000,0x00000006c2200000,0x00000006ccb80000)
 Metaspace       used 17955K, capacity 18148K, committed 18432K, reserved 1064960K
  class space    used 2240K, capacity 2304K, committed 2304K, reserved 1048576K
Event: 2.341 GC heap after
Heap after GC invocations=1 (full 0):
 PSYoungGen      total 75776K, used 8764K [0x000000076b600000, 0x0000000770a80000, 0x00000007c0000000)
  eden space 65024K, 0% used [0x000000076b600000,0x000000076b600000,0x000000076f580000)
  from space 10752K, 81% used [0x000000076f580000,0x000000076fe0f328,0x0000000770000000)
  to   space 10752K, 0% used [0x0000000770000000,0x0000000770000000,0x0000000770a80000)
 ParOldGen       total 173568K, used 160K [0x00000006c2200000, 0x00000006ccb80000, 0x000000076b600000)
  object space 173568K, 0% used [0x00000006c2200000,0x00000006c2228020,0x00000006ccb80000)
 Metaspace       used 17955K, capacity 18148K, committed 18432K, reserved 1064960K
  class space    used 2240K, capacity 2304K, committed 2304K, reserved 1048576K
}
Event: 408.336 GC heap before
{Heap before GC invocations=2 (full 0):
 PSYoungGen      total 75776K, used 47322K [0x000000076b600000, 0x0000000770a80000, 0x00000007c0000000)
  eden space 65024K, 59% used [0x000000076b600000,0x000000076dba76d8,0x000000076f580000)
  from space 10752K, 81% used [0x000000076f580000,0x000000076fe0f328,0x0000000770000000)
  to   space 10752K, 0% used [0x0000000770000000,0x0000000770000000,0x0000000770a80000)
 ParOldGen       total 173568K, used 160K [0x00000006c2200000, 0x00000006ccb80000, 0x000000076b600000)
  object space 173568K, 0% used [0x00000006c2200000,0x00000006c2228020,0x00000006ccb80000)
 Metaspace       used 20789K, capacity 21032K, committed 21296K, reserved 1069056K
  class space    used 2576K, capacity 2662K, committed 2688K, reserved 1048576K
Event: 408.355 GC heap after
Heap after GC invocations=2 (full 0):
 PSYoungGen      total 75776K, used 10745K [0x000000076b600000, 0x0000000770a80000, 0x00000007c0000000)
  eden space 65024K, 0% used [0x000000076b600000,0x000000076b600000,0x000000076f580000)
  from space 10752K, 99% used [0x0000000770000000,0x0000000770a7e430,0x0000000770a80000)
  to   space 10752K, 0% used [0x000000076f580000,0x000000076f580000,0x0000000770000000)
 ParOldGen       total 173568K, used 26938K [0x00000006c2200000, 0x00000006ccb80000, 0x000000076b600000)
  object space 173568K, 15% used [0x00000006c2200000,0x00000006c3c4ea60,0x00000006ccb80000)
 Metaspace       used 20789K, capacity 21032K, committed 21296K, reserved 1069056K
  class space    used 2576K, capacity 2662K, committed 2688K, reserved 1048576K
}
Event: 408.355 GC heap before
{Heap before GC invocations=3 (full 1):
 PSYoungGen      total 75776K, used 10745K [0x000000076b600000, 0x0000000770a80000, 0x00000007c0000000)
  eden space 65024K, 0% used [0x000000076b600000,0x000000076b600000,0x000000076f580000)
  from space 10752K, 99% used [0x0000000770000000,0x0000000770a7e430,0x0000000770a80000)
  to   space 10752K, 0% used [0x000000076f580000,0x000000076f580000,0x0000000770000000)
 ParOldGen       total 173568K, used 26938K [0x00000006c2200000, 0x00000006ccb80000, 0x000000076b600000)
  object space 173568K, 15% used [0x00000006c2200000,0x00000006c3c4ea60,0x00000006ccb80000)
 Metaspace       used 20789K, capacity 21032K, committed 21296K, reserved 1069056K
  class space    used 2576K, capacity 2662K, committed 2688K, reserved 1048576K
Event: 408.384 GC heap after
Heap after GC invocations=3 (full 1):
 PSYoungGen      total 75776K, used 0K [0x000000076b600000, 0x0000000770a80000, 0x00000007c0000000)
  eden space 65024K, 0% used [0x000000076b600000,0x000000076b600000,0x000000076f580000)
  from space 10752K, 0% used [0x0000000770000000,0x0000000770000000,0x0000000770a80000)
  to   space 10752K, 0% used [0x000000076f580000,0x000000076f580000,0x0000000770000000)
 ParOldGen       total 115200K, used 16527K [0x00000006c2200000, 0x00000006c9280000, 0x000000076b600000)
  object space 115200K, 14% used [0x00000006c2200000,0x00000006c3223d78,0x00000006c9280000)
 Metaspace       used 20789K, capacity 21032K, committed 21296K, reserved 1069056K
  class space    used 2576K, capacity 2662K, committed 2688K, reserved 1048576K
}
Event: 2116.613 GC heap before
{Heap before GC invocations=4 (full 1):
 PSYoungGen      total 75776K, used 65024K [0x000000076b600000, 0x0000000770a80000, 0x00000007c0000000)
  eden space 65024K, 100% used [0x000000076b600000,0x000000076f580000,0x000000076f580000)
  from space 10752K, 0% used [0x0000000770000000,0x0000000770000000,0x0000000770a80000)
  to   space 10752K, 0% used [0x000000076f580000,0x000000076f580000,0x0000000770000000)
 ParOldGen       total 115200K, used 16527K [0x00000006c2200000, 0x00000006c9280000, 0x000000076b600000)
  object space 115200K, 14% used [0x00000006c2200000,0x00000006c3223d78,0x00000006c9280000)
 Metaspace       used 21809K, capacity 22202K, committed 22448K, reserved 1069056K
  class space    used 2636K, capacity 2741K, committed 2816K, reserved 1048576K
Event: 2116.618 GC heap after
Heap after GC invocations=4 (full 1):
 PSYoungGen      total 75776K, used 1462K [0x000000076b600000, 0x0000000770a80000, 0x00000007c0000000)
  eden space 65024K, 0% used [0x000000076b600000,0x000000076b600000,0x000000076f580000)
  from space 10752K, 13% used [0x000000076f580000,0x000000076f6eda68,0x0000000770000000)
  to   space 10752K, 0% used [0x0000000770000000,0x0000000770000000,0x0000000770a80000)
 ParOldGen       total 115200K, used 16535K [0x00000006c2200000, 0x00000006c9280000, 0x000000076b600000)
  object space 115200K, 14% used [0x00000006c2200000,0x00000006c3225d78,0x00000006c9280000)
 Metaspace       used 21809K, capacity 22202K, committed 22448K, reserved 1069056K
  class space    used 2636K, capacity 2741K, committed 2816K, reserved 1048576K
}
Event: 11339.835 GC heap before
{Heap before GC invocations=5 (full 1):
 PSYoungGen      total 75776K, used 66486K [0x000000076b600000, 0x0000000770a80000, 0x00000007c0000000)
  eden space 65024K, 100% used [0x000000076b600000,0x000000076f580000,0x000000076f580000)
  from space 10752K, 13% used [0x000000076f580000,0x000000076f6eda68,0x0000000770000000)
  to   space 10752K, 0% used [0x0000000770000000,0x0000000770000000,0x0000000770a80000)
 ParOldGen       total 115200K, used 16535K [0x00000006c2200000, 0x00000006c9280000, 0x000000076b600000)
  object space 115200K, 14% used [0x00000006c2200000,0x00000006c3225d78,0x00000006c9280000)
 Metaspace       used 22470K, capacity 22842K, committed 22960K, reserved 1069056K
  class space    used 2696K, capacity 2805K, committed 2816K, reserved 1048576K
Event: 11339.840 GC heap after
Heap after GC invocations=5 (full 1):
 PSYoungGen      total 75776K, used 1973K [0x000000076b600000, 0x0000000770a80000, 0x00000007c0000000)
  eden space 65024K, 0% used [0x000000076b600000,0x000000076b600000,0x000000076f580000)
  from space 10752K, 18% used [0x0000000770000000,0x00000007701ed778,0x0000000770a80000)
  to   space 10752K, 0% used [0x000000076f580000,0x000000076f580000,0x0000000770000000)
 ParOldGen       total 115200K, used 16543K [0x00000006c2200000, 0x00000006c9280000, 0x000000076b600000)
  object space 115200K, 14% used [0x00000006c2200000,0x00000006c3227d78,0x00000006c9280000)
 Metaspace       used 22470K, capacity 22842K, committed 22960K, reserved 1069056K
  class space    used 2696K, capacity 2805K, committed 2816K, reserved 1048576K
}

Deoptimization events (10 events):
Event: 11322.646 Thread 0x0000000020441800 Uncommon trap: reason=unstable_if action=reinterpret pc=0x0000000003c8591c method=java.awt.Font.equals(Ljava/lang/Object;)Z @ 8
Event: 11322.654 Thread 0x0000000020441800 Uncommon trap: reason=bimorphic action=maybe_recompile pc=0x0000000003cee8ac method=java.awt.Component.getBackground()Ljava/awt/Color; @ 21
Event: 11322.655 Thread 0x0000000020441800 Uncommon trap: reason=unstable_if action=reinterpret pc=0x00000000040290e4 method=java.awt.Component.areInputMethodsEnabled()Z @ 23
Event: 11324.987 Thread 0x0000000020441800 Uncommon trap: reason=unstable_if action=reinterpret pc=0x0000000003bfcb24 method=java.awt.Container.dispatchEventImpl(Ljava/awt/AWTEvent;)V @ 26
Event: 11326.542 Thread 0x0000000020441800 Uncommon trap: reason=unstable_if action=reinterpret pc=0x0000000003f70f00 method=java.util.HashMap.removeNode(ILjava/lang/Object;Ljava/lang/Object;ZZ)Ljava/util/HashMap$Node; @ 133
Event: 11335.167 Thread 0x0000000020441800 Uncommon trap: reason=unstable_if action=reinterpret pc=0x0000000004036094 method=org.gjt.sp.jedit.textarea.SelectionManager.getSelectionStartAndEnd(IILorg/gjt/sp/jedit/textarea/Selection;)[I @ 518
Event: 11336.326 Thread 0x0000000020441800 Uncommon trap: reason=unstable_if action=reinterpret pc=0x0000000004090d68 method=sun.java2d.pipe.Region.isInsideQuickCheck(Lsun/java2d/pipe/Region;)Z @ 37
Event: 11336.326 Thread 0x0000000020441800 Uncommon trap: reason=unstable_if action=reinterpret pc=0x0000000003d54630 method=sun.java2d.pipe.Region.isInsideQuickCheck(Lsun/java2d/pipe/Region;)Z @ 37
Event: 11340.845 Thread 0x0000000020441800 Uncommon trap: reason=bimorphic action=maybe_recompile pc=0x0000000003cee8ac method=java.awt.Component.getBackground()Ljava/awt/Color; @ 21
Event: 11848.216 Thread 0x0000000020441800 Uncommon trap: reason=unstable_if action=reinterpret pc=0x0000000003db180c method=sun.font.StandardGlyphVector.getStandardGV(Ljava/awt/font/GlyphVector;Lsun/java2d/loops/FontInfo;)Lsun/font/StandardGlyphVector; @ 5

Classes redefined (0 events):
No events

Internal exceptions (10 events):
Event: 11322.599 Thread 0x0000000020441800 Exception <a 'java/io/IOException'> (0x000000076ede4540) thrown at [C:\re\workspace\8-2-build-windows-amd64-cygwin\jdk8u191\11896\hotspot\src\share\vm\prims\jni.cpp, line 709]
Event: 11322.599 Thread 0x0000000020441800 Exception <a 'java/io/IOException'> (0x000000076ede5478) thrown at [C:\re\workspace\8-2-build-windows-amd64-cygwin\jdk8u191\11896\hotspot\src\share\vm\prims\jni.cpp, line 709]
Event: 11322.599 Thread 0x0000000020441800 Exception <a 'java/io/IOException'> (0x000000076ede58f0) thrown at [C:\re\workspace\8-2-build-windows-amd64-cygwin\jdk8u191\11896\hotspot\src\share\vm\prims\jni.cpp, line 709]
Event: 11322.599 Thread 0x0000000020441800 Exception <a 'java/io/IOException'> (0x000000076ede5d38) thrown at [C:\re\workspace\8-2-build-windows-amd64-cygwin\jdk8u191\11896\hotspot\src\share\vm\prims\jni.cpp, line 709]
Event: 11322.599 Thread 0x0000000020441800 Exception <a 'java/io/IOException'> (0x000000076ede6c40) thrown at [C:\re\workspace\8-2-build-windows-amd64-cygwin\jdk8u191\11896\hotspot\src\share\vm\prims\jni.cpp, line 709]
Event: 11322.599 Thread 0x0000000020441800 Exception <a 'java/io/IOException'> (0x000000076ede70b8) thrown at [C:\re\workspace\8-2-build-windows-amd64-cygwin\jdk8u191\11896\hotspot\src\share\vm\prims\jni.cpp, line 709]
Event: 11322.599 Thread 0x0000000020441800 Exception <a 'java/io/IOException'> (0x000000076ede7500) thrown at [C:\re\workspace\8-2-build-windows-amd64-cygwin\jdk8u191\11896\hotspot\src\share\vm\prims\jni.cpp, line 709]
Event: 11322.603 Thread 0x000000001e526800 Exception <a 'java/io/FileNotFoundException'> (0x000000076eebf680) thrown at [C:\re\workspace\8-2-build-windows-amd64-cygwin\jdk8u191\11896\hotspot\src\share\vm\prims\jni.cpp, line 709]
Event: 11322.646 Thread 0x0000000020441800 Implicit null exception at 0x0000000003c85662 to 0x0000000003c85909
Event: 11324.987 Thread 0x0000000020441800 Implicit null exception at 0x0000000003bf996a to 0x0000000003bfcb10

Events (10 events):
Event: 11354.516 Thread 0x000000001e50e800 flushing nmethod 0x0000000003e04810
Event: 11354.516 Thread 0x000000001e50e800 flushing nmethod 0x0000000003e054d0
Event: 11354.516 Thread 0x000000001e50e800 flushing nmethod 0x0000000003e0d710
Event: 11354.516 Thread 0x000000001e50e800 flushing nmethod 0x0000000003e1e050
Event: 11742.998 Thread 0x000000001e509000 flushing nmethod 0x0000000003eb0cd0
Event: 11742.998 Thread 0x000000001e509000 flushing nmethod 0x0000000003ee1150
Event: 11825.080 Thread 0x000000001e509000 flushing nmethod 0x00000000040fd450
Event: 11848.216 Thread 0x0000000020441800 Uncommon trap: trap_request=0xffffff65 fr.pc=0x0000000003db180c
Event: 11848.216 Thread 0x0000000020441800 DEOPT PACKING pc=0x0000000003db180c sp=0x0000000020fac1f0
Event: 11848.216 Thread 0x0000000020441800 DEOPT UNPACKING pc=0x000000000327583b sp=0x0000000020fac170 mode 2


Dynamic libraries:
0x00007ff7a8630000 - 0x00007ff7a8667000 	C:\Program Files\Java\jdk1.8.0_191\jre\bin\javaw.exe
0x00007ffe80e70000 - 0x00007ffe81051000 	C:\Windows\SYSTEM32\ntdll.dll
0x00007ffe80840000 - 0x00007ffe808f2000 	C:\Windows\System32\KERNEL32.DLL
0x00007ffe7d240000 - 0x00007ffe7d4b3000 	C:\Windows\System32\KERNELBASE.dll
0x00007ffe7e360000 - 0x00007ffe7e401000 	C:\Windows\System32\ADVAPI32.dll
0x00007ffe80900000 - 0x00007ffe8099e000 	C:\Windows\System32\msvcrt.dll
0x00007ffe80a80000 - 0x00007ffe80adb000 	C:\Windows\System32\sechost.dll
0x00007ffe80ae0000 - 0x00007ffe80c04000 	C:\Windows\System32\RPCRT4.dll
0x00007ffe80cb0000 - 0x00007ffe80e40000 	C:\Windows\System32\USER32.dll
0x00007ffe7d560000 - 0x00007ffe7d580000 	C:\Windows\System32\win32u.dll
0x00007ffe7e330000 - 0x00007ffe7e358000 	C:\Windows\System32\GDI32.dll
0x00007ffe7dc90000 - 0x00007ffe7de22000 	C:\Windows\System32\gdi32full.dll
0x00007ffe7d4c0000 - 0x00007ffe7d55f000 	C:\Windows\System32\msvcp_win.dll
0x00007ffe7e1a0000 - 0x00007ffe7e29a000 	C:\Windows\System32\ucrtbase.dll
0x00007ffe6b480000 - 0x00007ffe6b6e9000 	C:\Windows\WinSxS\amd64_microsoft.windows.common-controls_6595b64144ccf1df_6.0.17134.523_none_fb409dd930672a56\COMCTL32.dll
0x00007ffe7ffd0000 - 0x00007ffe802f2000 	C:\Windows\System32\combase.dll
0x00007ffe7de80000 - 0x00007ffe7defa000 	C:\Windows\System32\bcryptPrimitives.dll
0x00007ffe7e4c0000 - 0x00007ffe7e4ed000 	C:\Windows\System32\IMM32.DLL
0x000000006d830000 - 0x000000006d902000 	C:\Program Files\Java\jdk1.8.0_191\jre\bin\msvcr100.dll
0x000000006c900000 - 0x000000006d1a4000 	C:\Program Files\Java\jdk1.8.0_191\jre\bin\server\jvm.dll
0x00007ffe80a70000 - 0x00007ffe80a78000 	C:\Windows\System32\PSAPI.DLL
0x00007ffe6d970000 - 0x00007ffe6d979000 	C:\Windows\SYSTEM32\WSOCK32.dll
0x00007ffe721b0000 - 0x00007ffe721d3000 	C:\Windows\SYSTEM32\WINMM.dll
0x00007ffe76e50000 - 0x00007ffe76e5a000 	C:\Windows\SYSTEM32\VERSION.dll
0x00007ffe7fb70000 - 0x00007ffe7fbdc000 	C:\Windows\System32\WS2_32.dll
0x00007ffe71fe0000 - 0x00007ffe7200a000 	C:\Windows\SYSTEM32\winmmbase.dll
0x00007ffe7de30000 - 0x00007ffe7de79000 	C:\Windows\System32\cfgmgr32.dll
0x000000006d820000 - 0x000000006d82f000 	C:\Program Files\Java\jdk1.8.0_191\jre\bin\verify.dll
0x000000006d7f0000 - 0x000000006d819000 	C:\Program Files\Java\jdk1.8.0_191\jre\bin\java.dll
0x000000006d7d0000 - 0x000000006d7e6000 	C:\Program Files\Java\jdk1.8.0_191\jre\bin\zip.dll
0x00007ffe7e6d0000 - 0x00007ffe7fb10000 	C:\Windows\System32\SHELL32.dll
0x00007ffe7e410000 - 0x00007ffe7e4b9000 	C:\Windows\System32\shcore.dll
0x00007ffe7d580000 - 0x00007ffe7dc8d000 	C:\Windows\System32\windows.storage.dll
0x00007ffe7fb10000 - 0x00007ffe7fb61000 	C:\Windows\System32\shlwapi.dll
0x00007ffe7d180000 - 0x00007ffe7d191000 	C:\Windows\System32\kernel.appcore.dll
0x00007ffe7d1a0000 - 0x00007ffe7d1bf000 	C:\Windows\System32\profapi.dll
0x00007ffe7d1e0000 - 0x00007ffe7d22c000 	C:\Windows\System32\powrprof.dll
0x00007ffe7d230000 - 0x00007ffe7d23a000 	C:\Windows\System32\FLTLIB.DLL
0x000000006d7b0000 - 0x000000006d7ca000 	C:\Program Files\Java\jdk1.8.0_191\jre\bin\net.dll
0x00007ffe7ca00000 - 0x00007ffe7ca66000 	C:\Windows\system32\mswsock.dll
0x000000006c1e0000 - 0x000000006c379000 	C:\Program Files\Java\jdk1.8.0_191\jre\bin\awt.dll
0x00007ffe809a0000 - 0x00007ffe80a62000 	C:\Windows\System32\OLEAUT32.dll
0x00007ffe7a830000 - 0x00007ffe7a8bb000 	C:\Windows\SYSTEM32\apphelp.dll
0x00007ffe7a910000 - 0x00007ffe7a9a8000 	C:\Windows\system32\uxtheme.dll
0x00007ffe7e4f0000 - 0x00007ffe7e663000 	C:\Windows\System32\MSCTF.dll
0x00007ffe7b7b0000 - 0x00007ffe7b7d9000 	C:\Windows\system32\dwmapi.dll
0x00007ffe7fc60000 - 0x00007ffe7fdb1000 	C:\Windows\System32\ole32.dll
0x000000006d770000 - 0x000000006d7a9000 	C:\Program Files\Java\jdk1.8.0_191\jre\bin\splashscreen.dll
0x000000006d550000 - 0x000000006d597000 	C:\Program Files\Java\jdk1.8.0_191\jre\bin\fontmanager.dll
0x00007ffe70cd0000 - 0x00007ffe70df0000 	C:\Windows\system32\opengl32.dll
0x00007ffe6ff10000 - 0x00007ffe6ff3c000 	C:\Windows\SYSTEM32\GLU32.dll
0x000000006d750000 - 0x000000006d761000 	C:\Program Files\Java\jdk1.8.0_191\jre\bin\nio.dll
0x000000006d500000 - 0x000000006d542000 	C:\Program Files\Java\jdk1.8.0_191\jre\bin\t2k.dll
0x00007ffe77900000 - 0x00007ffe779a8000 	C:\Windows\SYSTEM32\mscms.dll
0x00007ffe7d080000 - 0x00007ffe7d0a8000 	C:\Windows\SYSTEM32\USERENV.dll
0x00007ffe7aa30000 - 0x00007ffe7aa40000 	C:\Windows\SYSTEM32\ColorAdapterClient.dll
0x00007ffe5b170000 - 0x00007ffe5b1b3000 	C:\Windows\SYSTEM32\icm32.dll
0x00007ffe80c10000 - 0x00007ffe80cb0000 	C:\Windows\System32\clbcatq.dll
0x00007ffe694c0000 - 0x00007ffe6966e000 	C:\Windows\SYSTEM32\WindowsCodecs.dll
0x00007ffe62600000 - 0x00007ffe62658000 	C:\Windows\system32\dataexchange.dll
0x00007ffe79750000 - 0x00007ffe79a5b000 	C:\Windows\system32\d3d11.dll
0x00007ffe7a030000 - 0x00007ffe7a1cc000 	C:\Windows\system32\dcomp.dll
0x00007ffe7bf40000 - 0x00007ffe7bffb000 	C:\Windows\system32\dxgi.dll
0x00007ffe7b5c0000 - 0x00007ffe7b778000 	C:\Windows\system32\twinapi.appcore.dll
0x00007ffe7b590000 - 0x00007ffe7b5b1000 	C:\Windows\system32\RMCLIENT.dll
0x00007ffe5dfa0000 - 0x00007ffe5e036000 	C:\Windows\System32\TextInputFramework.dll
0x00007ffe67110000 - 0x00007ffe6742e000 	C:\Windows\System32\CoreUIComponents.dll
0x00007ffe7a510000 - 0x00007ffe7a5ea000 	C:\Windows\System32\CoreMessaging.dll
0x00007ffe7c270000 - 0x00007ffe7c2a1000 	C:\Windows\SYSTEM32\ntmarta.dll
0x00007ffe78e50000 - 0x00007ffe78f9d000 	C:\Windows\SYSTEM32\wintypes.dll
0x00007ffe7bc20000 - 0x00007ffe7bde9000 	C:\Windows\SYSTEM32\dbghelp.dll

VM Arguments:
java_command: C:\Program Files\jEdit\jedit.jar -reuseview C:\wamp64\www\wcfm\wp-content\plugins\wc-frontend-manager-ultimate\core\class-wcfmu-license.php
java_class_path (initial): C:\Program Files\jEdit\jedit.jar
Launcher Type: SUN_STANDARD

Environment Variables:
JAVA_HOME=C:\Program Files\Java\jdk1.8.0_191
CLASSPATH=.;
PATH=C:\Python27\;C:\Python27\Scripts;C:\Program Files (x86)\Common Files\Oracle\Java\javapath;C:\Program Files (x86)\Intel\Intel(R) Management Engine Components\iCLS\;C:\Program Files\Intel\Intel(R) Management Engine Components\iCLS\;C:\Windows\system32;C:\Windows;C:\Windows\System32\Wbem;C:\Windows\System32\WindowsPowerShell\v1.0\;C:\Windows\System32\OpenSSH\;C:\Program Files (x86)\NVIDIA Corporation\PhysX\Common;C:\Program Files (x86)\Intel\Intel(R) Management Engine Components\DAL;C:\Program Files\Intel\Intel(R) Management Engine Components\DAL;C:\Program Files (x86)\Intel\Intel(R) Management Engine Components\IPT;C:\Program Files\Intel\Intel(R) Management Engine Components\IPT;C:\Program Files\Intel\WiFi\bin\;C:\Program Files\Common Files\Intel\WirelessCommon\;C:\Program Files\TortoiseSVN\bin;C:\Program Files\jEdit;C:\Program Files\nodejs\;C:\ProgramData\chocolatey\bin;C:\Program Files\Java\jdk1.8.0_191\bin;C:\Users\ARIM\AppData\Local\Microsoft\WindowsApps;C:\Users\ARIM\AppData\Roaming\npm;C:\Program Files\Java\jdk1.8.0_191\jre\bin
USERNAME=ARIM
OS=Windows_NT
PROCESSOR_IDENTIFIER=Intel64 Family 6 Model 158 Stepping 10, GenuineIntel



---------------  S Y S T E M  ---------------

OS: Windows 10.0 , 64 bit Build 17134 (10.0.17134.1)

CPU:total 12 (initial active 12) (6 cores per cpu, 2 threads per core) family 6 model 158 stepping 10, cmov, cx8, fxsr, mmx, sse, sse2, sse3, ssse3, sse4.1, sse4.2, popcnt, avx, avx2, aes, clmul, erms, 3dnowpref, lzcnt, ht, tsc, tscinvbit, bmi1, bmi2, adx

Memory: 4k page, physical 16633512k(7746424k free), swap 20182780k(2747812k free)

vm_info: Java HotSpot(TM) 64-Bit Server VM (25.191-b12) for windows-amd64 JRE (1.8.0_191-b12), built on Oct  6 2018 09:29:03 by "java_re" with MS VC++ 10.0 (VS2010)

time: Tue Feb 05 13:56:06 2019
elapsed time: 13476 seconds (0d 3h 44m 36s)

